<?xml version="1.0" encoding="UTF-8"?>
<testng-results skipped="0" failed="0" total="1" passed="1">
  <reporter-output>
  </reporter-output>
  <suite name="Default suite" duration-ms="54044" started-at="2017-07-20T11:03:35Z" finished-at="2017-07-20T11:04:29Z">
    <groups>
    </groups>
    <test name="Default test" duration-ms="54044" started-at="2017-07-20T11:03:35Z" finished-at="2017-07-20T11:04:29Z">
      <class name="ExcelProvider.TestConfig">
        <test-method status="PASS" signature="init()[pri:0, instance:ExcelProvider.TestConfig@7cd62f43]" name="init" is-config="true" duration-ms="264" started-at="2017-07-20T16:33:35Z" finished-at="2017-07-20T16:33:35Z">
          <reporter-output>
          </reporter-output>
        </test-method> <!-- init -->
        <test-method status="PASS" signature="startTest()[pri:0, instance:ExcelProvider.TestConfig@7cd62f43]" name="startTest" duration-ms="53760" started-at="2017-07-20T16:33:35Z" finished-at="2017-07-20T16:34:29Z">
          <reporter-output>
          </reporter-output>
        </test-method> <!-- startTest -->
      </class> <!-- ExcelProvider.TestConfig -->
    </test> <!-- Default test -->
  </suite> <!-- Default suite -->
</testng-results>
